<?xml version="1.0" encoding="UTF-8"?>
<!-- Generated by org.testng.reporters.JUnitReportReporter -->
<testsuite hostname="DESKTOP-DT85C65" failures="0" tests="1" name="Kite_test.Validate_kite_UserId" time="13.632" errors="0" timestamp="2022-07-05T13:23:04 IST" skipped="0">
  <testcase classname="Kite_test.Validate_kite_UserId" name="validateUsername" time="13.632"/>
  <system-out>
    <![CDATA[actual & expected maching Tc is passed
Congratulataion TC is passed = validateUsername]]>
  </system-out>
</testsuite> <!-- Kite_test.Validate_kite_UserId -->
